#
# There is insufficient memory for the Java Runtime Environment to continue.
# Native memory allocation (malloc) failed to allocate 1048576 bytes for AllocateHeap
# Possible reasons:
#   The system is out of physical RAM or swap space
#   The process is running with CompressedOops enabled, and the Java Heap may be blocking the growth of the native heap
# Possible solutions:
#   Reduce memory load on the system
#   Increase physical memory or swap space
#   Check if swap backing store is full
#   Decrease Java heap size (-Xmx/-Xms)
#   Decrease number of Java threads
#   Decrease Java thread stack sizes (-Xss)
#   Set larger code cache with -XX:ReservedCodeCacheSize=
#   JVM is running with Unscaled Compressed Oops mode in which the Java heap is
#     placed in the first 4GB address space. The Java Heap base address is the
#     maximum limit for the native heap growth. Please use -XX:HeapBaseMinAddress
#     to set the Java Heap base and to place the Java Heap above 4GB virtual address.
# This output file may be truncated or incomplete.
#
#  Out of Memory Error (./open/src/hotspot/share/memory/allocation.cpp:44), pid=30944, tid=28144
#
# JRE version:  (15.0+36) (build )
# Java VM: Java HotSpot(TM) 64-Bit Server VM (15+36-1562, mixed mode, sharing, tiered, compressed oops, g1 gc, windows-amd64)
# No core dump will be written. Minidumps are not enabled by default on client versions of Windows
#

---------------  S U M M A R Y ------------

Command Line: -Dapplication.home=G:\Tools\Java --add-modules=ALL-DEFAULT -Xms8m -Djdk.module.main=jdk.compiler jdk.compiler/com.sun.tools.javac.Main -d G:\Tools\Java\Package\Library\build\classes -classpath G:\Tools\Java\Package\Library\build\classes -sourcepath G:\Tools\Java\Package\Library\build\empty -target 15 -encoding UTF-8 -g -processorpath G:\Tools\Java\Package\Library\build\empty -s G:\Tools\Java\Package\Library\build\generated-sources\ap-source-output -source 15 G:\Tools\Java\Package\Library\src\library\Borrower.java

Host: Intel(R) Core(TM) i7-9750H CPU @ 2.60GHz, 12 cores, 7G,  Windows 10 , 64 bit Build 18362 (10.0.18362.1110)
Time: Sat Dec 12 20:22:14 2020 SE Asia Standard Time elapsed time: 0.102532 seconds (0d 0h 0m 0s)

---------------  T H R E A D  ---------------

Current thread (0x0000026021087310):  JavaThread "Unknown thread" [_thread_in_vm, id=28144, stack(0x00000062cf100000,0x00000062cf200000)]

Stack: [0x00000062cf100000,0x00000062cf200000]
Native frames: (J=compiled Java code, j=interpreted, Vv=VM code, C=native code)
V  [jvm.dll+0x629eaa]
V  [jvm.dll+0x780379]
V  [jvm.dll+0x781ad3]
V  [jvm.dll+0x782133]
V  [jvm.dll+0x2159d5]
V  [jvm.dll+0x8ea92]
V  [jvm.dll+0x2a1f94]
V  [jvm.dll+0x75d0bc]
V  [jvm.dll+0x333af4]
V  [jvm.dll+0x73d816]
V  [jvm.dll+0x3b68e7]
V  [jvm.dll+0x3b8371]
C  [jli.dll+0x52fb]
C  [ucrtbase.dll+0x210b2]
C  [KERNEL32.DLL+0x17c24]
C  [ntdll.dll+0x6d4d1]


---------------  P R O C E S S  ---------------

Threads class SMR info:
_java_thread_list=0x00007ff86a9d2fa0, length=0, elements={
}

Java Threads: ( => current thread )

Other Threads:

=>0x0000026021087310 (exited) JavaThread "Unknown thread" [_thread_in_vm, id=28144, stack(0x00000062cf100000,0x00000062cf200000)]

Threads with active compile tasks:

VM state: not at safepoint (not fully initialized)

VM Mutex/Monitor currently owned by a thread: None

Heap address: 0x0000000000000000, size: 0 MB, Compressed Oops mode: 32-bit
CDS archive(s) mapped at: [0x0000000000000000-0x0000000000000000-0x0000000000000000), size 0, SharedBaseAddress: 0x0000000800000000, ArchiveRelocationMode: 0.
Narrow klass base: 0x0000000000000000, Narrow klass shift: 0, Narrow klass range: 0x0

GC Heap History (0 events):
No events

Deoptimization events (0 events):
No events

Classes unloaded (0 events):
No events

Classes redefined (0 events):
No events

Internal exceptions (0 events):
No events

Events (1 events):
Event: 0.008 Loaded shared library G:\Tools\Java\bin\java.dll


Dynamic libraries:
0x00007ff7388c0000 - 0x00007ff7388c8000 	G:\Tools\Java\bin\javac.exe
0x00007ff8e1c80000 - 0x00007ff8e1e70000 	C:\Windows\SYSTEM32\ntdll.dll
0x00007ff8e1b80000 - 0x00007ff8e1c32000 	C:\Windows\System32\KERNEL32.DLL
0x00007ff8ded70000 - 0x00007ff8df015000 	C:\Windows\System32\KERNELBASE.dll
0x00007ff8ac0f0000 - 0x00007ff8ac1c4000 	C:\Program Files\Bitdefender\Bitdefender Security\atcuf\264894223300000000\atcuf64.dll
0x00007ff8debf0000 - 0x00007ff8decea000 	C:\Windows\System32\ucrtbase.dll
0x00007ff8abbf0000 - 0x00007ff8abc08000 	G:\Tools\Java\bin\jli.dll
0x00007ff8e1740000 - 0x00007ff8e17e3000 	C:\Windows\System32\ADVAPI32.dll
0x00007ff8dfd30000 - 0x00007ff8dfdce000 	C:\Windows\System32\msvcrt.dll
0x00007ff8dfed0000 - 0x00007ff8dff67000 	C:\Windows\System32\sechost.dll
0x00007ff8e07c0000 - 0x00007ff8e08e0000 	C:\Windows\System32\RPCRT4.dll
0x00007ff8e0f60000 - 0x00007ff8e10f4000 	C:\Windows\System32\USER32.dll
0x00007ff8df200000 - 0x00007ff8df221000 	C:\Windows\System32\win32u.dll
0x00007ff8dfea0000 - 0x00007ff8dfec6000 	C:\Windows\System32\GDI32.dll
0x00007ff8df230000 - 0x00007ff8df3c6000 	C:\Windows\System32\gdi32full.dll
0x00007ff8df160000 - 0x00007ff8df1fe000 	C:\Windows\System32\msvcp_win.dll
0x00007ff8c9990000 - 0x00007ff8c99a9000 	G:\Tools\Java\bin\VCRUNTIME140.dll
0x00007ff8ce6d0000 - 0x00007ff8ce954000 	C:\Windows\WinSxS\amd64_microsoft.windows.common-controls_6595b64144ccf1df_6.0.18362.1256_none_9e7e379be45e40e2\COMCTL32.dll
0x00007ff8e0bb0000 - 0x00007ff8e0ee6000 	C:\Windows\System32\combase.dll
0x00007ff8df0d0000 - 0x00007ff8df151000 	C:\Windows\System32\bcryptPrimitives.dll
0x00007ff8d8c80000 - 0x00007ff8d8c8a000 	C:\Windows\SYSTEM32\VERSION.dll
0x00007ff8e0790000 - 0x00007ff8e07be000 	C:\Windows\System32\IMM32.DLL
0x00007ff8cca20000 - 0x00007ff8cca2c000 	G:\Tools\Java\bin\vcruntime140_1.dll
0x00007ff8c4b60000 - 0x00007ff8c4bf1000 	G:\Tools\Java\bin\msvcp140.dll
0x00007ff869f10000 - 0x00007ff86aa6c000 	G:\Tools\Java\bin\server\jvm.dll
0x00007ff8e1b10000 - 0x00007ff8e1b18000 	C:\Windows\System32\PSAPI.DLL
0x00007ff8ccff0000 - 0x00007ff8ccff9000 	C:\Windows\SYSTEM32\WSOCK32.dll
0x00007ff8dff70000 - 0x00007ff8dffdf000 	C:\Windows\System32\WS2_32.dll
0x00007ff8dc440000 - 0x00007ff8dc464000 	C:\Windows\SYSTEM32\WINMM.dll
0x00007ff8dc3c0000 - 0x00007ff8dc3ed000 	C:\Windows\SYSTEM32\WINMMBASE.dll
0x00007ff8decf0000 - 0x00007ff8ded3a000 	C:\Windows\System32\cfgmgr32.dll
0x00007ff8deb50000 - 0x00007ff8deb61000 	C:\Windows\System32\kernel.appcore.dll
0x00007ff8c9980000 - 0x00007ff8c998a000 	G:\Tools\Java\bin\jimage.dll
0x00007ff8dd420000 - 0x00007ff8dd614000 	C:\Windows\SYSTEM32\DBGHELP.DLL
0x00007ff8bd020000 - 0x00007ff8bd04a000 	C:\Windows\SYSTEM32\dbgcore.DLL
0x00007ff8c4c70000 - 0x00007ff8c4c95000 	G:\Tools\Java\bin\java.dll

dbghelp: loaded successfully - version: 4.0.5 - missing functions: none
symbol engine: initialized successfully - sym options: 0x614 - pdb path: .;G:\Tools\Java\bin;C:\Windows\SYSTEM32;C:\Program Files\Bitdefender\Bitdefender Security\atcuf\264894223300000000;C:\Windows\WinSxS\amd64_microsoft.windows.common-controls_6595b64144ccf1df_6.0.18362.1256_none_9e7e379be45e40e2;G:\Tools\Java\bin\server

VM Arguments:
jvm_args: -Dapplication.home=G:\Tools\Java --add-modules=ALL-DEFAULT -Xms8m -Djdk.module.main=jdk.compiler 
java_command: jdk.compiler/com.sun.tools.javac.Main -d G:\Tools\Java\Package\Library\build\classes -classpath G:\Tools\Java\Package\Library\build\classes -sourcepath G:\Tools\Java\Package\Library\build\empty -target 15 -encoding UTF-8 -g -processorpath G:\Tools\Java\Package\Library\build\empty -s G:\Tools\Java\Package\Library\build\generated-sources\ap-source-output -source 15 G:\Tools\Java\Package\Library\src\library\Borrower.java
java_class_path (initial): <not set>
Launcher Type: SUN_STANDARD

[Global flags]
     intx CICompilerCount                          = 4                                         {product} {ergonomic}
     uint ConcGCThreads                            = 3                                         {product} {ergonomic}
     uint G1ConcRefinementThreads                  = 10                                        {product} {ergonomic}
   size_t G1HeapRegionSize                         = 1048576                                   {product} {ergonomic}
    uintx GCDrainStackTargetSize                   = 64                                        {product} {ergonomic}
   size_t InitialHeapSize                          = 8388608                                   {product} {command line}
   size_t MarkStackSize                            = 4194304                                   {product} {ergonomic}
   size_t MaxHeapSize                              = 2109734912                                {product} {ergonomic}
   size_t MinHeapDeltaBytes                        = 1048576                                   {product} {ergonomic}
   size_t MinHeapSize                              = 8388608                                   {product} {command line}
    uintx NonNMethodCodeHeapSize                   = 5839372                                {pd product} {ergonomic}
    uintx NonProfiledCodeHeapSize                  = 122909434                              {pd product} {ergonomic}
    uintx ProfiledCodeHeapSize                     = 122909434                              {pd product} {ergonomic}
    uintx ReservedCodeCacheSize                    = 251658240                              {pd product} {ergonomic}
     bool SegmentedCodeCache                       = true                                      {product} {ergonomic}
   size_t SoftMaxHeapSize                          = 2109734912                             {manageable} {ergonomic}
     bool UseCompressedClassPointers               = true                                 {lp64_product} {ergonomic}
     bool UseCompressedOops                        = true                                 {lp64_product} {ergonomic}
     bool UseG1GC                                  = true                                      {product} {ergonomic}
     bool UseLargePagesIndividualAllocation        = false                                  {pd product} {ergonomic}

Logging:
Log output configuration:
 #0: stdout all=warning uptime,level,tags
 #1: stderr all=off uptime,level,tags

Environment Variables:
PATH=C:\Program Files\Common Files\Oracle\Java\javapath;C:\Windows\system32;C:\Windows;C:\Windows\System32\Wbem;C:\Windows\System32\WindowsPowerShell\v1.0\;C:\Windows\System32\OpenSSH\;C:\Program Files (x86)\NVIDIA Corporation\PhysX\Common;C:\Program Files\NVIDIA Corporation\NVIDIA NvDLISR;C:\Program Files (x86)\Microsoft SQL Server\150\DTS\Binn\;C:\Program Files\Microsoft SQL Server\Client SDK\ODBC\170\Tools\Binn\;C:\Program Files (x86)\Microsoft SQL Server\150\Tools\Binn\;C:\Program Files\Microsoft SQL Server\150\Tools\Binn\;C:\Program Files\Microsoft SQL Server\150\DTS\Binn\;C:\Program Files\Microsoft SQL Server\130\Tools\Binn\;C:\Program Files\Azure Data Studio\bin;C:\Users\Admin\AppData\Local\Microsoft\WindowsApps;C:\Program Files\Azure Data Studio\bin
USERNAME=Admin
OS=Windows_NT
PROCESSOR_IDENTIFIER=Intel64 Family 6 Model 158 Stepping 10, GenuineIntel



---------------  S Y S T E M  ---------------

OS:
 Windows 10 , 64 bit Build 18362 (10.0.18362.1110)
OS uptime: 2 days 2:55 hours

CPU: total 12 (initial active 12) (6 cores per cpu, 2 threads per core) family 6 model 158 stepping 10, cmov, cx8, fxsr, mmx, sse, sse2, sse3, ssse3, sse4.1, sse4.2, popcnt, vzeroupper, avx, avx2, aes, clmul, erms, 3dnowpref, lzcnt, ht, tsc, tscinvbit, bmi1, bmi2, adx, fma, clflush, clflushopt

Memory: 4k page, system-wide physical 8041M (962M free)
TotalPageFile size 32617M (AvailPageFile size 5M)
current process WorkingSet (physical memory assigned to process): 10M, peak: 10M
current process commit charge ("private bytes"): 12M, peak: 13M

vm_info: Java HotSpot(TM) 64-Bit Server VM (15+36-1562) for windows-amd64 JRE (15+36-1562), built on Aug 11 2020 22:38:02 by "mach5one" with unknown MS VC++:1925

END.
